Flow report for elevator_system
Tue Oct 28 13:10:28 2025
Quartus Prime Version 24.1std.0 Build 1077 03/04/2025 SC Lite Edition


---------------------
; Table of Contents ;
---------------------
  1. Legal Notice
  2. Flow Summary
  3. Flow Settings
  4. Flow Non-Default Global Settings
  5. Flow Elapsed Time
  6. Flow OS Summary
  7. Flow Log
  8. Flow Messages
  9. Flow Suppressed Messages



----------------
; Legal Notice ;
----------------
Copyright (C) 2025  Altera Corporation. All rights reserved.
Your use of Altera Corporation's design tools, logic functions 
and other software and tools, and any partner logic 
functions, and any output files from any of the foregoing 
(including device programming or simulation files), and any 
associated documentation or information are expressly subject 
to the terms and conditions of the Altera Program License 
Subscription Agreement, the Altera Quartus Prime License Agreement,
the Altera IP License Agreement, or other applicable license
agreement, including, without limitation, that your use is for
the sole purpose of programming logic devices manufactured by
Altera and sold by Altera or its authorized distributors.  Please
refer to the Altera Software License Subscription Agreements 
on the Quartus Prime software download page.



+-----------------------------------------------------------------------------------+
; Flow Summary                                                                      ;
+---------------------------------+-------------------------------------------------+
; Flow Status                     ; Successful - Tue Oct 28 13:10:28 2025           ;
; Quartus Prime Version           ; 24.1std.0 Build 1077 03/04/2025 SC Lite Edition ;
; Revision Name                   ; elevator_system                                 ;
; Top-level Entity Name           ; elevator_system_hw                              ;
; Family                          ; Cyclone V                                       ;
; Device                          ; 5CSEMA5F31C6                                    ;
; Timing Models                   ; Final                                           ;
; Logic utilization (in ALMs)     ; 91 / 32,070 ( < 1 % )                           ;
; Total registers                 ; 62                                              ;
; Total pins                      ; 19 / 457 ( 4 % )                                ;
; Total virtual pins              ; 0                                               ;
; Total block memory bits         ; 0 / 4,065,280 ( 0 % )                           ;
; Total DSP Blocks                ; 0 / 87 ( 0 % )                                  ;
; Total HSSI RX PCSs              ; 0                                               ;
; Total HSSI PMA RX Deserializers ; 0                                               ;
; Total HSSI TX PCSs              ; 0                                               ;
; Total HSSI PMA TX Serializers   ; 0                                               ;
; Total PLLs                      ; 0 / 6 ( 0 % )                                   ;
; Total DLLs                      ; 0 / 4 ( 0 % )                                   ;
+---------------------------------+-------------------------------------------------+


+-----------------------------------------+
; Flow Settings                           ;
+-------------------+---------------------+
; Option            ; Setting             ;
+-------------------+---------------------+
; Start date & time ; 10/28/2025 13:09:29 ;
; Main task         ; Compilation         ;
; Revision Name     ; elevator_system     ;
+-------------------+---------------------+


+---------------------------------------------------------------------------------------------------------------------------------------------------------+
; Flow Non-Default Global Settings                                                                                                                        ;
+-------------------------------------+----------------------------------------+-----------------+--------------------+-----------------------------------+
; Assignment Name                     ; Value                                  ; Default Value   ; Entity Name        ; Section Id                        ;
+-------------------------------------+----------------------------------------+-----------------+--------------------+-----------------------------------+
; COMPILER_SIGNATURE_ID               ; 105699687416147.176164616922468        ; --              ; --                 ; --                                ;
; EDA_GENERATE_FUNCTIONAL_NETLIST     ; Off                                    ; --              ; --                 ; eda_board_design_timing           ;
; EDA_GENERATE_FUNCTIONAL_NETLIST     ; Off                                    ; --              ; --                 ; eda_board_design_boundary_scan    ;
; EDA_GENERATE_FUNCTIONAL_NETLIST     ; Off                                    ; --              ; --                 ; eda_board_design_signal_integrity ;
; EDA_GENERATE_FUNCTIONAL_NETLIST     ; Off                                    ; --              ; --                 ; eda_board_design_symbol           ;
; EDA_OUTPUT_DATA_FORMAT              ; Verilog Hdl                            ; --              ; --                 ; eda_simulation                    ;
; EDA_SIMULATION_TOOL                 ; Questa Intel FPGA (Verilog)            ; <None>          ; --                 ; --                                ;
; EDA_TIME_SCALE                      ; 1 ps                                   ; --              ; --                 ; eda_simulation                    ;
; PARTITION_COLOR                     ; -- (Not supported for targeted family) ; --              ; elevator_system_hw ; Top                               ;
; PARTITION_FITTER_PRESERVATION_LEVEL ; -- (Not supported for targeted family) ; --              ; elevator_system_hw ; Top                               ;
; PARTITION_NETLIST_TYPE              ; -- (Not supported for targeted family) ; --              ; elevator_system_hw ; Top                               ;
; PROJECT_OUTPUT_DIRECTORY            ; output_files                           ; --              ; --                 ; --                                ;
; TOP_LEVEL_ENTITY                    ; elevator_system_hw                     ; elevator_system ; --                 ; --                                ;
+-------------------------------------+----------------------------------------+-----------------+--------------------+-----------------------------------+


+--------------------------------------------------------------------------------------------------------------------------+
; Flow Elapsed Time                                                                                                        ;
+----------------------+--------------+-------------------------+---------------------+------------------------------------+
; Module Name          ; Elapsed Time ; Average Processors Used ; Peak Virtual Memory ; Total CPU Time (on all processors) ;
+----------------------+--------------+-------------------------+---------------------+------------------------------------+
; Analysis & Synthesis ; 00:00:07     ; 1.0                     ; 4932 MB             ; 00:00:08                           ;
; Fitter               ; 00:00:37     ; 1.0                     ; 7017 MB             ; 00:00:47                           ;
; Assembler            ; 00:00:04     ; 1.0                     ; 4872 MB             ; 00:00:04                           ;
; Timing Analyzer      ; 00:00:06     ; 1.1                     ; 5209 MB             ; 00:00:03                           ;
; EDA Netlist Writer   ; 00:00:00     ; 1.0                     ; 4745 MB             ; 00:00:01                           ;
; Total                ; 00:00:54     ; --                      ; --                  ; 00:01:03                           ;
+----------------------+--------------+-------------------------+---------------------+------------------------------------+


+------------------------------------------------------------------------------------+
; Flow OS Summary                                                                    ;
+----------------------+------------------+------------+------------+----------------+
; Module Name          ; Machine Hostname ; OS Name    ; OS Version ; Processor type ;
+----------------------+------------------+------------+------------+----------------+
; Analysis & Synthesis ; Exo              ; Windows 10 ; 10.0       ; x86_64         ;
; Fitter               ; Exo              ; Windows 10 ; 10.0       ; x86_64         ;
; Assembler            ; Exo              ; Windows 10 ; 10.0       ; x86_64         ;
; Timing Analyzer      ; Exo              ; Windows 10 ; 10.0       ; x86_64         ;
; EDA Netlist Writer   ; Exo              ; Windows 10 ; 10.0       ; x86_64         ;
+----------------------+------------------+------------+------------+----------------+


------------
; Flow Log ;
------------
quartus_map --read_settings_files=on --write_settings_files=off elevator_system -c elevator_system
quartus_fit --read_settings_files=off --write_settings_files=off elevator_system -c elevator_system
quartus_asm --read_settings_files=off --write_settings_files=off elevator_system -c elevator_system
quartus_sta elevator_system -c elevator_system
quartus_eda --read_settings_files=off --write_settings_files=off elevator_system -c elevator_system



